Using pre-set license
Built from '2020.3/release' branch; Version is '2020.3.12f1 (b3b2c6512326) revision 11776710'; Using compiler version '192528614'; Build Type 'Release'
OS: 'Windows 10 Home; OS build 19042.1052; Version 2009; 64bit' Language: 'ko' Physical Memory: 16282 MB
BatchMode: 1, IsHumanControllingUs: 0, StartBugReporterOnCrash: 0, Is64bit: 1, IsPro: 0

 COMMAND LINE ARGUMENTS:
D:\Program Files\Unity\2020.3.12f1\Editor\Unity.exe
-adb2
-batchMode
-noUpm
-name
AssetImportWorker0
-projectPath
D:/Projects/xcom
-logFile
Logs/AssetImportWorker0.log
-srvPort
50707
Successfully changed project path to: D:/Projects/xcom
D:/Projects/xcom
Using Asset Import Pipeline V2.
Refreshing native plugins compatible for Editor in 38.95 ms, found 3 plugins.
Preloading 0 native plugins for Editor in 0.00 ms.
Initialize engine version: 2020.3.12f1 (b3b2c6512326)
[Subsystems] Discovering subsystems at path D:/Program Files/Unity/2020.3.12f1/Editor/Data/Resources/UnitySubsystems
[Subsystems] Discovering subsystems at path D:/Projects/xcom/Assets
GfxDevice: creating device client; threaded=0
Direct3D:
    Version:  Direct3D 11.0 [level 11.1]
    Renderer: NVIDIA GeForce RTX 2060 (ID=0x1f11)
    Vendor:   
    VRAM:     5980 MB
    Driver:   30.0.14.7111
Initialize mono
Mono path[0] = 'D:/Program Files/Unity/2020.3.12f1/Editor/Data/Managed'
Mono path[1] = 'D:/Program Files/Unity/2020.3.12f1/Editor/Data/MonoBleedingEdge/lib/mono/unityjit'
Mono config path = 'D:/Program Files/Unity/2020.3.12f1/Editor/Data/MonoBleedingEdge/etc'
Using monoOptions --debugger-agent=transport=dt_socket,embedding=1,server=y,suspend=n,address=127.0.0.1:56628
Begin MonoManager ReloadAssembly
Registering precompiled unity dll's ...
Register platform support module: D:/Program Files/Unity/2020.3.12f1/Editor/Data/PlaybackEngines/WindowsStandaloneSupport/UnityEditor.WindowsStandalone.Extensions.dll
Registered in 0.001048 seconds.
Native extension for WindowsStandalone target not found
Refreshing native plugins compatible for Editor in 40.89 ms, found 3 plugins.
Preloading 0 native plugins for Editor in 0.00 ms.
Mono: successfully reloaded assembly
- Completed reload, in  0.890 seconds
Platform modules already initialized, skipping
Registering precompiled user dll's ...
Registered in 0.002713 seconds.
Begin MonoManager ReloadAssembly
Native extension for WindowsStandalone target not found
Refreshing native plugins compatible for Editor in 37.22 ms, found 3 plugins.
Preloading 0 native plugins for Editor in 0.00 ms.
Mono: successfully reloaded assembly
- Completed reload, in  1.029 seconds
Platform modules already initialized, skipping
========================================================================
Worker process is ready to serve import requests
Launched and connected shader compiler UnityShaderCompiler.exe after 0.05 seconds
Refreshing native plugins compatible for Editor in 0.40 ms, found 3 plugins.
Preloading 0 native plugins for Editor in 0.00 ms.
Unloading 2083 Unused Serialized files (Serialized files now loaded: 0)
System memory in use before: 93.0 MB.
System memory in use after: 92.9 MB.

Unloading 33 unused Assets to reduce memory usage. Loaded Objects now: 2517.
Total: 2.335700 ms (FindLiveObjects: 0.186800 ms CreateObjectMapping: 0.063900 ms MarkObjects: 1.965300 ms  DeleteObjects: 0.118500 ms)

AssetImportParameters requested are different than current active one (requested -> active):
  custom:framework-win-MediaFoundation: 216162199b28c13a410421893ffa2e32 -> 
  custom:video-decoder-ogg-theora: a1e56fd34408186e4bbccfd4996cb3dc -> 
  custom:container-muxer-webm: aa71ff27fc2769a1b78a27578f13a17b -> 
  custom:container-demuxer-webm: 4f35f7cbe854078d1ac9338744f61a02 -> 
  custom:container-demuxer-ogg: 62fdf1f143b41e24485cea50d1cbac27 -> 
  custom:video-encoder-webm-vp8: eb34c28f22e8b96e1ab97ce403110664 -> 
  custom:video-decoder-webm-vp8: 9c59270c3fd7afecdb556c50c9e8de78 -> 
  custom:audio-decoder-ogg-vorbis: bf7c407c2cedff20999df2af8eb42d56 -> 
  custom:audio-encoder-webm-vorbis: bf7c407c2cedff20999df2af8eb42d56 -> 
========================================================================
Received Import Request.
  path: Assets/Prefabs/PlayerBullet.prefab
  artifactKey: Guid(7dccd201ea453fa4588f75b8e82b9e4a) Importer(815301076,1909f56bfc062723c751e8b465ee728b)
Start importing Assets/Prefabs/PlayerBullet.prefab using Guid(7dccd201ea453fa4588f75b8e82b9e4a) Importer(815301076,1909f56bfc062723c751e8b465ee728b)  -> (artifact id: 'e6041406f18b81c406aac53a292cf5af') in 0.102693 seconds 
  Import took 0.106299 seconds .

========================================================================
Received Import Request.
  Time since last request: 0.000308 seconds.
  path: Assets/Prefabs/Player.prefab
  artifactKey: Guid(4451177a0fa963848b55916521d8a807) Importer(815301076,1909f56bfc062723c751e8b465ee728b)
Start importing Assets/Prefabs/Player.prefab using Guid(4451177a0fa963848b55916521d8a807) Importer(815301076,1909f56bfc062723c751e8b465ee728b)  -> (artifact id: '6f560ab07cdb57f76092735095ce2cd3') in 0.010539 seconds 
  Import took 0.013726 seconds .

========================================================================
Received Import Request.
  Time since last request: 0.000315 seconds.
  path: Assets/Prefabs/AlienBullet.prefab
  artifactKey: Guid(846d287f9cd2ee2458af8fe646228fa5) Importer(815301076,1909f56bfc062723c751e8b465ee728b)
Start importing Assets/Prefabs/AlienBullet.prefab using Guid(846d287f9cd2ee2458af8fe646228fa5) Importer(815301076,1909f56bfc062723c751e8b465ee728b)  -> (artifact id: 'c9cd8627fe9bf8842edc22620922296f') in 0.010430 seconds 
  Import took 0.014617 seconds .

========================================================================
Received Import Request.
  Time since last request: 24.022031 seconds.
  path: Assets/Scripts/AlienBulletController.cs
  artifactKey: Guid(c4899f28ca6ddee4d884038198d91f39) Importer(815301076,1909f56bfc062723c751e8b465ee728b)
Start importing Assets/Scripts/AlienBulletController.cs using Guid(c4899f28ca6ddee4d884038198d91f39) Importer(815301076,1909f56bfc062723c751e8b465ee728b)  -> (artifact id: 'f08b8fb568e66bc285f680ceafb4b324') in 0.010842 seconds 
  Import took 0.015492 seconds .

========================================================================
Received Import Request.
  Time since last request: 0.062786 seconds.
  path: Assets/Scripts/AlienBulletController.cs
  artifactKey: Guid(c4899f28ca6ddee4d884038198d91f39) Importer(815301076,1909f56bfc062723c751e8b465ee728b)
Start importing Assets/Scripts/AlienBulletController.cs using Guid(c4899f28ca6ddee4d884038198d91f39) Importer(815301076,1909f56bfc062723c751e8b465ee728b)  -> (artifact id: 'f08b8fb568e66bc285f680ceafb4b324') in 0.001321 seconds 
  Import took 0.004395 seconds .

========================================================================
Received Import Request.
  Time since last request: 0.615298 seconds.
  path: Assets/Scripts/PlayerController.cs
  artifactKey: Guid(d18a7cc6c0856f24ca51e138d6fdf6c3) Importer(815301076,1909f56bfc062723c751e8b465ee728b)
Start importing Assets/Scripts/PlayerController.cs using Guid(d18a7cc6c0856f24ca51e138d6fdf6c3) Importer(815301076,1909f56bfc062723c751e8b465ee728b)  -> (artifact id: 'c5d6376fa4cc65a1b637e0e51e5244cf') in 0.001478 seconds 
  Import took 0.006654 seconds .

AssetImportWorkerClient::OnTransportError - code=2 error=End of file
